2023-07-07 00:55:35,045 - INFO - New browser window opened.
2023-07-07 00:55:35,355 - INFO - 6 tabs opened in the browser window: 0
2023-07-07 00:55:37,173 - INFO - New browser window opened.
2023-07-07 00:55:37,740 - INFO - 6 tabs opened in the browser window: 1
2023-07-07 00:55:47,269 - INFO - User Guest User 1 joined the meeting successfully.
2023-07-07 00:55:47,950 - INFO - User Guest User 2 joined the meeting successfully.
2023-07-07 00:55:48,530 - INFO - User Guest User 3 joined the meeting successfully.
2023-07-07 00:55:48,540 - INFO - User Guest User 7 joined the meeting successfully.
2023-07-07 00:55:49,156 - INFO - User Guest User 4 joined the meeting successfully.
2023-07-07 00:55:49,225 - INFO - User Guest User 8 joined the meeting successfully.
2023-07-07 00:55:49,858 - INFO - User Guest User 5 joined the meeting successfully.
2023-07-07 00:55:49,874 - INFO - User Guest User 9 joined the meeting successfully.
2023-07-07 00:55:50,459 - INFO - User Guest User 10 joined the meeting successfully.
2023-07-07 00:55:51,215 - INFO - User Guest User 11 joined the meeting successfully.
2023-07-07 00:55:52,006 - INFO - User Guest User 12 joined the meeting successfully.
2023-07-07 00:55:58,047 - INFO - User Guest User 6 joined the meeting successfully.
2023-07-07 00:56:37,769 - INFO - Browser windows cleaned up and closing the program using soft termination.



2023-07-07 00:57:48,145 - INFO - New browser window opened.
2023-07-07 00:57:48,509 - INFO - 6 tabs opened in the browser window: 0
2023-07-07 00:57:50,203 - INFO - New browser window opened.
2023-07-07 00:57:50,775 - INFO - 6 tabs opened in the browser window: 1
2023-07-07 00:58:00,882 - INFO - User Guest User 1 joined the meeting successfully.
2023-07-07 00:58:00,898 - WARNING - An error occurred while joining the meeting: Possibly clicking on blank data; tab
2023-07-07 00:58:01,786 - INFO - User Guest User 2 joined the meeting successfully.
2023-07-07 00:58:01,809 - WARNING - An error occurred while joining the meeting: Possibly clicking on blank data; tab
2023-07-07 00:58:02,425 - INFO - User Guest User 3 joined the meeting successfully.
2023-07-07 00:58:02,539 - WARNING - An error occurred while joining the meeting: Possibly clicking on blank data; tab
2023-07-07 00:58:02,882 - INFO - User Guest User 7 joined the meeting successfully.
2023-07-07 00:58:02,898 - WARNING - An error occurred while joining the meeting: Possibly clicking on blank data; tab
2023-07-07 00:58:03,624 - INFO - User Guest User 4 joined the meeting successfully.
2023-07-07 00:58:03,690 - INFO - User Guest User 8 joined the meeting successfully.
2023-07-07 00:58:03,714 - WARNING - An error occurred while joining the meeting: Possibly clicking on blank data; tab
2023-07-07 00:58:03,779 - WARNING - An error occurred while joining the meeting: Possibly clicking on blank data; tab
2023-07-07 00:58:04,435 - INFO - User Guest User 9 joined the meeting successfully.
2023-07-07 00:58:04,535 - WARNING - An error occurred while joining the meeting: Possibly clicking on blank data; tab
2023-07-07 00:58:05,201 - INFO - User Guest User 10 joined the meeting successfully.
2023-07-07 00:58:05,241 - WARNING - An error occurred while joining the meeting: Possibly clicking on blank data; tab
2023-07-07 00:58:14,154 - INFO - User Guest User 5 joined the meeting successfully.
2023-07-07 00:58:14,659 - WARNING - An error occurred while joining the meeting: Possibly clicking on blank data; tab
2023-07-07 00:58:16,138 - INFO - User Guest User 6 joined the meeting successfully.
2023-07-07 00:58:16,165 - WARNING - An error occurred while joining the meeting: Possibly clicking on blank data; tab
2023-07-07 00:58:16,219 - INFO - User Guest User 11 joined the meeting successfully.
2023-07-07 00:58:17,273 - WARNING - An error occurred while joining the meeting: Possibly clicking on blank data; tab
2023-07-07 00:58:18,954 - INFO - User Guest User 12 joined the meeting successfully.
2023-07-07 00:58:19,019 - WARNING - An error occurred while joining the meeting: Possibly clicking on blank data; tab
2023-07-07 01:01:27,469 - INFO - Browser windows cleaned up and closing the program using soft termination.



2023-07-07 01:01:46,302 - INFO - New browser window opened.
2023-07-07 01:01:46,599 - INFO - 6 tabs opened in the browser window: 0
2023-07-07 01:01:48,714 - INFO - New browser window opened.
2023-07-07 01:01:49,559 - INFO - 6 tabs opened in the browser window: 1
2023-07-07 01:02:03,931 - INFO - User Guest User 1 joined the meeting successfully.
2023-07-07 01:02:04,783 - INFO - User Guest User 2 joined the meeting successfully.
2023-07-07 01:02:05,272 - INFO - User Guest User 7 joined the meeting successfully.
2023-07-07 01:02:05,700 - INFO - User Guest User 3 joined the meeting successfully.
2023-07-07 01:02:06,233 - INFO - User Guest User 8 joined the meeting successfully.
2023-07-07 01:02:06,699 - INFO - User Guest User 4 joined the meeting successfully.
2023-07-07 01:02:07,084 - INFO - User Guest User 9 joined the meeting successfully.
2023-07-07 01:02:07,998 - INFO - User Guest User 10 joined the meeting successfully.
2023-07-07 01:02:19,104 - INFO - User Guest User 5 joined the meeting successfully.
2023-07-07 01:02:20,224 - INFO - User Guest User 11 joined the meeting successfully.
2023-07-07 01:02:21,025 - INFO - User Guest User 6 joined the meeting successfully.
2023-07-07 01:02:21,731 - INFO - User Guest User 12 joined the meeting successfully.
2023-07-07 01:03:40,433 - INFO - Browser windows cleaned up and closing the program using soft termination.



